#
# There is insufficient memory for the Java Runtime Environment to continue.
# Native memory allocation (mmap) failed to map 134217728 bytes for Failed to commit area from 0x0000000081c00000 to 0x0000000089c00000 of length 134217728.
# Possible reasons:
#   The system is out of physical RAM or swap space
#   The process is running with CompressedOops enabled, and the Java Heap may be blocking the growth of the native heap
# Possible solutions:
#   Reduce memory load on the system
#   Increase physical memory or swap space
#   Check if swap backing store is full
#   Decrease Java heap size (-Xmx/-Xms)
#   Decrease number of Java threads
#   Decrease Java thread stack sizes (-Xss)
#   Set larger code cache with -XX:ReservedCodeCacheSize=
# This output file may be truncated or incomplete.
#
#  Out of Memory Error (./src/hotspot/os/windows/os_windows.cpp:3303), pid=13476, tid=12548
#
# JRE version:  (11.0.9.1+11) (build )
# Java VM: OpenJDK 64-Bit Server VM (11.0.9.1+11-b1145.63, mixed mode, sharing, tiered, compressed oops, g1 gc, windows-amd64)
# No core dump will be written. Minidumps are not enabled by default on client versions of Windows
#

---------------  S U M M A R Y ------------

Command Line: org.jetbrains.git4idea.http.GitAskPassApp Username for 'https://github.com': 

Host: Intel(R) Core(TM) i7-7700HQ CPU @ 2.80GHz, 8 cores, 7G,  Windows 10 , 64 bit Build 19041 (10.0.19041.804)
Time: Tue Mar 16 19:35:18 2021 GTB Standard Time elapsed time: 0.018695 seconds (0d 0h 0m 0s)

---------------  T H R E A D  ---------------

Current thread (0x000002c0cb3b0000):  JavaThread "Unknown thread" [_thread_in_vm, id=12548, stack(0x000000f714400000,0x000000f714500000)]

Stack: [0x000000f714400000,0x000000f714500000]
Native frames: (J=compiled Java code, j=interpreted, Vv=VM code, C=native code)
V  [jvm.dll+0x5edd9a]
V  [jvm.dll+0x7229c5]
V  [jvm.dll+0x723f1d]
V  [jvm.dll+0x7245d3]
V  [jvm.dll+0x2431b8]
V  [jvm.dll+0x5eb234]
V  [jvm.dll+0x5e0325]
V  [jvm.dll+0x2fe60b]
V  [jvm.dll+0x2fe57a]
V  [jvm.dll+0x2fe452]
V  [jvm.dll+0x303346]
V  [jvm.dll+0x34ba83]
V  [jvm.dll+0x34c186]
V  [jvm.dll+0x34bb83]
V  [jvm.dll+0x2d9218]
V  [jvm.dll+0x2da3c7]
V  [jvm.dll+0x701a67]
V  [jvm.dll+0x70325c]
V  [jvm.dll+0x359049]
V  [jvm.dll+0x6e552e]
V  [jvm.dll+0x3c1353]
V  [jvm.dll+0x3c3571]
C  [jli.dll+0x5373]
C  [ucrtbase.dll+0x21bb2]
C  [KERNEL32.DLL+0x17034]
C  [ntdll.dll+0x52651]


---------------  P R O C E S S  ---------------

Threads class SMR info:
_java_thread_list=0x000002c0c929fd20, length=0, elements={
}

Java Threads: ( => current thread )

Other Threads:
  0x000002c0cb3c5000 GCTaskThread "GC Thread#0" [stack: 0x000000f714500000,0x000000f714600000] [id=14776]
  0x000002c0cb3f7800 ConcurrentGCThread "G1 Main Marker" [stack: 0x000000f714600000,0x000000f714700000] [id=6616]
  0x000002c0cb3f9000 ConcurrentGCThread "G1 Conc#0" [stack: 0x000000f714700000,0x000000f714800000] [id=352]

[error occurred during error reporting (printing all threads), id 0xc0000005, EXCEPTION_ACCESS_VIOLATION (0xc0000005) at pc=0x00007ffc6fa49807]

VM state:not at safepoint (not fully initialized)

VM Mutex/Monitor currently owned by a thread:  ([mutex/lock_event])
[0x000002c0cb3ad9c0] Heap_lock - owner thread: 0x000002c0cb3b0000

Heap address: 0x0000000081c00000, size: 2020 MB, Compressed Oops mode: Non-zero based: 0x0000000081c00000
Narrow klass base: 0x0000000000000000, Narrow klass shift: 0

GC Heap History (0 events):
No events

Deoptimization events (0 events):
No events

Classes redefined (0 events):
No events

Internal exceptions (0 events):
No events

Events (1 events):
Event: 0.011 Loaded shared library C:\Program Files\JetBrains\IntelliJ IDEA 2020.3.1\jbr\bin\zip.dll


Dynamic libraries:
0x00007ff736930000 - 0x00007ff73693a000 	C:\Program Files\JetBrains\IntelliJ IDEA 2020.3.1\jbr\bin\java.exe
0x00007ffcb6530000 - 0x00007ffcb6725000 	C:\Windows\SYSTEM32\ntdll.dll
0x00007ffcb4cb0000 - 0x00007ffcb4d6d000 	C:\Windows\System32\KERNEL32.DLL
0x00007ffcb41b0000 - 0x00007ffcb4479000 	C:\Windows\System32\KERNELBASE.dll
0x00007ffcb3d10000 - 0x00007ffcb3e10000 	C:\Windows\System32\ucrtbase.dll
0x00007ffcae400000 - 0x00007ffcae417000 	C:\Program Files\JetBrains\IntelliJ IDEA 2020.3.1\jbr\bin\VCRUNTIME140.dll
0x00007ffca0b60000 - 0x00007ffca0b79000 	C:\Program Files\JetBrains\IntelliJ IDEA 2020.3.1\jbr\bin\jli.dll
0x00007ffcb56f0000 - 0x00007ffcb5890000 	C:\Windows\System32\USER32.dll
0x00007ffcb4180000 - 0x00007ffcb41a2000 	C:\Windows\System32\win32u.dll
0x00007ffc9bd20000 - 0x00007ffc9bfba000 	C:\Windows\WinSxS\amd64_microsoft.windows.common-controls_6595b64144ccf1df_6.0.19041.844_none_ca00b6081b84eb1d\COMCTL32.dll
0x00007ffcb6170000 - 0x00007ffcb619a000 	C:\Windows\System32\GDI32.dll
0x00007ffcb5d70000 - 0x00007ffcb5e0e000 	C:\Windows\System32\msvcrt.dll
0x00007ffcb4070000 - 0x00007ffcb417b000 	C:\Windows\System32\gdi32full.dll
0x00007ffcb3c70000 - 0x00007ffcb3d0d000 	C:\Windows\System32\msvcp_win.dll
0x00007ffcb4800000 - 0x00007ffcb4830000 	C:\Windows\System32\IMM32.DLL
0x00007ffca0510000 - 0x00007ffca05ad000 	C:\Program Files\JetBrains\IntelliJ IDEA 2020.3.1\jbr\bin\msvcp140.dll
0x00007ffc6f760000 - 0x00007ffc7022e000 	C:\Program Files\JetBrains\IntelliJ IDEA 2020.3.1\jbr\bin\server\jvm.dll
0x00007ffcb4590000 - 0x00007ffcb463c000 	C:\Windows\System32\ADVAPI32.dll
0x00007ffcb62c0000 - 0x00007ffcb635c000 	C:\Windows\System32\sechost.dll
0x00007ffcb46d0000 - 0x00007ffcb47fb000 	C:\Windows\System32\RPCRT4.dll
0x00007ffcb5610000 - 0x00007ffcb5618000 	C:\Windows\System32\PSAPI.DLL
0x00007ffca7810000 - 0x00007ffca7819000 	C:\Windows\SYSTEM32\WSOCK32.dll
0x00007ffcac4b0000 - 0x00007ffcac4d7000 	C:\Windows\SYSTEM32\WINMM.dll
0x00007ffcad8b0000 - 0x00007ffcad8ba000 	C:\Windows\SYSTEM32\VERSION.dll
0x00007ffcb5890000 - 0x00007ffcb58fb000 	C:\Windows\System32\WS2_32.dll
0x00007ffcb2550000 - 0x00007ffcb2562000 	C:\Windows\SYSTEM32\kernel.appcore.dll
0x00007ffcae3e0000 - 0x00007ffcae3f1000 	C:\Program Files\JetBrains\IntelliJ IDEA 2020.3.1\jbr\bin\verify.dll
0x00007ffcb1260000 - 0x00007ffcb1444000 	C:\Windows\SYSTEM32\DBGHELP.DLL
0x00007ffcab410000 - 0x00007ffcab43c000 	C:\Windows\SYSTEM32\dbgcore.DLL
0x00007ffcb3fc0000 - 0x00007ffcb4040000 	C:\Windows\System32\bcryptPrimitives.dll
0x00007ffca0610000 - 0x00007ffca0639000 	C:\Program Files\JetBrains\IntelliJ IDEA 2020.3.1\jbr\bin\java.dll
0x00007ffcae3d0000 - 0x00007ffcae3db000 	C:\Program Files\JetBrains\IntelliJ IDEA 2020.3.1\jbr\bin\jimage.dll
0x00007ffca05f0000 - 0x00007ffca0608000 	C:\Program Files\JetBrains\IntelliJ IDEA 2020.3.1\jbr\bin\zip.dll

dbghelp: loaded successfully - version: 4.0.5 - missing functions: none
symbol engine: initialized successfully - sym options: 0x614 - pdb path: .;C:\Program Files\JetBrains\IntelliJ IDEA 2020.3.1\jbr\bin;C:\Windows\SYSTEM32;C:\Windows\WinSxS\amd64_microsoft.windows.common-controls_6595b64144ccf1df_6.0.19041.844_none_ca00b6081b84eb1d;C:\Program Files\JetBrains\IntelliJ IDEA 2020.3.1\jbr\bin\server

VM Arguments:
java_command: org.jetbrains.git4idea.http.GitAskPassApp Username for 'https://github.com': 
java_class_path (initial): C:/Program Files/JetBrains/IntelliJ IDEA 2020.3.1/plugins/git4idea/lib/git4idea-rt.jar;C:/Program Files/JetBrains/IntelliJ IDEA 2020.3.1/lib/xmlrpc-2.0.1.jar;C:/Program Files/JetBrains/IntelliJ IDEA 2020.3.1/lib/commons-codec-1.14.jar
Launcher Type: SUN_STANDARD

[Global flags]
     intx CICompilerCount                          = 4                                         {product} {ergonomic}
     uint ConcGCThreads                            = 2                                         {product} {ergonomic}
     uint G1ConcRefinementThreads                  = 8                                         {product} {ergonomic}
   size_t G1HeapRegionSize                         = 1048576                                   {product} {ergonomic}
    uintx GCDrainStackTargetSize                   = 64                                        {product} {ergonomic}
   size_t InitialHeapSize                          = 134217728                                 {product} {ergonomic}
   size_t MarkStackSize                            = 4194304                                   {product} {ergonomic}
   size_t MaxHeapSize                              = 2118123520                                {product} {ergonomic}
   size_t MinHeapDeltaBytes                        = 1048576                                   {product} {ergonomic}
    uintx NonNMethodCodeHeapSize                   = 5836300                                {pd product} {ergonomic}
    uintx NonProfiledCodeHeapSize                  = 122910970                              {pd product} {ergonomic}
    uintx ProfiledCodeHeapSize                     = 122910970                              {pd product} {ergonomic}
    uintx ReservedCodeCacheSize                    = 251658240                              {pd product} {ergonomic}
     bool SegmentedCodeCache                       = true                                      {product} {ergonomic}
     bool UseCompressedClassPointers               = true                                 {lp64_product} {ergonomic}
     bool UseCompressedOops                        = true                                 {lp64_product} {ergonomic}
     bool UseG1GC                                  = true                                      {product} {ergonomic}
     bool UseLargePagesIndividualAllocation        = false                                  {pd product} {ergonomic}

Logging:
Log output configuration:
 #0: stdout all=warning uptime,level,tags
 #1: stderr all=off uptime,level,tags

Environment Variables:
JAVA_HOME=C:\Program Files\Java\jdk-15.0.1
PATH=C:\Program Files\Git\mingw64\libexec\git-core;C:\Program Files\Git\mingw64\libexec\git-core;C:\Program Files\Git\mingw64\bin;C:\Program Files\Git\usr\bin;C:\Users\ruxi\bin;C:\Program Files\Common Files\Oracle\Java\javapath;C:\Windows\system32;C:\Windows;C:\Windows\System32\Wbem;C:\Windows\System32\WindowsPowerShell\v1.0;C:\Windows\System32\OpenSSH;C:\Program Files\nodejs;C:\Program Files\Git\cmd;C:\Program Files\Java\jdk-15.0.1\bin;C:\Users\ruxi\AppData\Local\Microsoft\WindowsApps;D:\develop\flutter\bin
USERNAME=ruxi
DISPLAY=:0.0
LC_ALL=en_US.UTF-8
OS=Windows_NT
PROCESSOR_IDENTIFIER=Intel64 Family 6 Model 158 Stepping 9, GenuineIntel



---------------  S Y S T E M  ---------------

OS: Windows 10 , 64 bit Build 19041 (10.0.19041.804)
OS uptime: 4 days 19:25 hours

CPU:total 8 (initial active 8) (4 cores per cpu, 2 threads per core) family 6 model 158 stepping 9, cmov, cx8, fxsr, mmx, sse, sse2, sse3, ssse3, sse4.1, sse4.2, popcnt, avx, avx2, aes, clmul, erms, 3dnowpref, lzcnt, ht, tsc, tscinvbit, bmi1, bmi2, adx, fma

Memory: 4k page, system-wide physical 8073M (510M free)
TotalPageFile size 23199M (AvailPageFile size 63M)
current process WorkingSet (physical memory assigned to process): 9M, peak: 10M
current process commit charge ("private bytes"): 59M, peak: 187M

vm_info: OpenJDK 64-Bit Server VM (11.0.9.1+11-b1145.63) for windows-amd64 JRE (11.0.9.1+11-b1145.63), built on Dec 21 2020 13:58:54 by "" with MS VC++ 14.0 (VS2015)

END.
